2024-01-02 21:43:31 | [INFO]    | Discordia 2.11.2
2024-01-02 21:43:31 | [INFO]    | Connecting to Discord...
2024-01-02 21:43:31 | [INFO]    | Authenticated as 殺気#7465
2024-01-02 21:43:31 | [INFO]    | Launching shard 0 (1 out of 1)...
2024-01-02 21:43:32 | [INFO]    | Shard 0 : Connected to wss://gateway.discord.gg
2024-01-02 21:43:32 | [INFO]    | Shard 0 : Received HELLO
2024-01-02 21:43:32 | [INFO]    | Shard 0 : Received READY
2024-01-02 21:47:21 | [INFO]    | Discordia 2.11.2
2024-01-02 21:47:21 | [INFO]    | Connecting to Discord...
2024-01-02 21:47:21 | [INFO]    | Authenticated as 殺気#7465
2024-01-02 21:47:21 | [INFO]    | Launching shard 0 (1 out of 1)...
2024-01-02 21:47:21 | [INFO]    | Shard 0 : Connected to wss://gateway.discord.gg
2024-01-02 21:47:21 | [INFO]    | Shard 0 : Received HELLO
2024-01-02 21:47:21 | [INFO]    | Shard 0 : Received READY
2024-01-02 21:48:49 | [INFO]    | Discordia 2.11.2
2024-01-02 21:48:49 | [INFO]    | Connecting to Discord...
2024-01-02 21:48:50 | [INFO]    | Authenticated as 殺気#7465
2024-01-02 21:48:50 | [INFO]    | Launching shard 0 (1 out of 1)...
2024-01-02 21:48:50 | [INFO]    | Shard 0 : Connected to wss://gateway.discord.gg
2024-01-02 21:48:50 | [INFO]    | Shard 0 : Received HELLO
2024-01-02 21:48:50 | [INFO]    | Shard 0 : Received READY
2024-01-02 21:51:43 | [INFO]    | Discordia 2.11.2
2024-01-02 21:51:43 | [INFO]    | Connecting to Discord...
2024-01-02 21:51:43 | [INFO]    | Authenticated as 殺気#7465
2024-01-02 21:51:43 | [INFO]    | Launching shard 0 (1 out of 1)...
2024-01-02 21:51:43 | [INFO]    | Shard 0 : Connected to wss://gateway.discord.gg
2024-01-02 21:51:43 | [INFO]    | Shard 0 : Received HELLO
2024-01-02 21:51:44 | [INFO]    | Shard 0 : Received READY
2024-01-02 21:55:30 | [INFO]    | Discordia 2.11.2
2024-01-02 21:55:30 | [INFO]    | Connecting to Discord...
2024-01-02 21:55:30 | [INFO]    | Authenticated as 殺気#7465
2024-01-02 21:55:30 | [INFO]    | Launching shard 0 (1 out of 1)...
2024-01-02 21:55:30 | [INFO]    | Shard 0 : Connected to wss://gateway.discord.gg
2024-01-02 21:55:30 | [INFO]    | Shard 0 : Received HELLO
2024-01-02 21:55:30 | [INFO]    | Shard 0 : Received READY
2024-01-02 21:55:57 | [ERROR]   | 400 - Bad Request : POST https://discord.com/api/v8/channels/1186891225089982568/messages
2024-01-02 21:57:15 | [ERROR]   | 400 - Bad Request : POST https://discord.com/api/v8/channels/1186891225089982568/messages
2024-01-02 22:01:28 | [INFO]    | Discordia 2.11.2
2024-01-02 22:01:28 | [INFO]    | Connecting to Discord...
2024-01-02 22:01:29 | [INFO]    | Authenticated as 殺気#7465
2024-01-02 22:01:29 | [INFO]    | Launching shard 0 (1 out of 1)...
2024-01-02 22:01:29 | [INFO]    | Shard 0 : Connected to wss://gateway.discord.gg
2024-01-02 22:01:29 | [INFO]    | Shard 0 : Received HELLO
2024-01-02 22:01:29 | [INFO]    | Shard 0 : Received READY
2024-01-02 22:01:39 | [ERROR]   | 400 - Bad Request : POST https://discord.com/api/v8/channels/1186891225089982568/messages
2024-01-02 22:02:33 | [INFO]    | Discordia 2.11.2
2024-01-02 22:02:33 | [INFO]    | Connecting to Discord...
2024-01-02 22:02:33 | [INFO]    | Authenticated as 殺気#7465
2024-01-02 22:02:33 | [INFO]    | Launching shard 0 (1 out of 1)...
2024-01-02 22:02:33 | [INFO]    | Shard 0 : Connected to wss://gateway.discord.gg
2024-01-02 22:02:33 | [INFO]    | Shard 0 : Received HELLO
2024-01-02 22:02:33 | [INFO]    | Shard 0 : Received READY
2024-01-02 22:02:38 | [ERROR]   | 400 - Bad Request : POST https://discord.com/api/v8/channels/1186891225089982568/messages
2024-01-02 22:02:51 | [INFO]    | Discordia 2.11.2
2024-01-02 22:02:51 | [INFO]    | Connecting to Discord...
2024-01-02 22:02:51 | [INFO]    | Authenticated as 殺気#7465
2024-01-02 22:02:51 | [INFO]    | Launching shard 0 (1 out of 1)...
2024-01-02 22:02:51 | [INFO]    | Shard 0 : Connected to wss://gateway.discord.gg
2024-01-02 22:02:51 | [INFO]    | Shard 0 : Received HELLO
2024-01-02 22:02:51 | [INFO]    | Shard 0 : Received READY
2024-01-02 22:03:04 | [ERROR]   | 400 - Bad Request : POST https://discord.com/api/v8/channels/1186891225089982568/messages
2024-01-02 22:11:14 | [INFO]    | Discordia 2.11.2
2024-01-02 22:11:14 | [INFO]    | Connecting to Discord...
2024-01-02 22:11:14 | [INFO]    | Authenticated as 殺気#7465
2024-01-02 22:11:14 | [INFO]    | Launching shard 0 (1 out of 1)...
2024-01-02 22:11:14 | [INFO]    | Shard 0 : Connected to wss://gateway.discord.gg
2024-01-02 22:11:14 | [INFO]    | Shard 0 : Received HELLO
2024-01-02 22:11:14 | [INFO]    | Shard 0 : Received READY
2024-01-02 22:12:37 | [INFO]    | Discordia 2.11.2
2024-01-02 22:12:37 | [INFO]    | Connecting to Discord...
2024-01-02 22:12:37 | [INFO]    | Authenticated as 殺気#7465
2024-01-02 22:12:37 | [INFO]    | Launching shard 0 (1 out of 1)...
2024-01-02 22:12:37 | [INFO]    | Shard 0 : Connected to wss://gateway.discord.gg
2024-01-02 22:12:37 | [INFO]    | Shard 0 : Received HELLO
2024-01-02 22:12:37 | [INFO]    | Shard 0 : Received READY
2024-01-02 22:17:34 | [INFO]    | Discordia 2.11.2
2024-01-02 22:17:34 | [INFO]    | Connecting to Discord...
2024-01-02 22:17:34 | [INFO]    | Authenticated as 殺気#7465
2024-01-02 22:17:34 | [INFO]    | Launching shard 0 (1 out of 1)...
2024-01-02 22:17:34 | [INFO]    | Shard 0 : Connected to wss://gateway.discord.gg
2024-01-02 22:17:34 | [INFO]    | Shard 0 : Received HELLO
2024-01-02 22:17:35 | [INFO]    | Shard 0 : Received READY
2024-01-02 22:19:46 | [INFO]    | Discordia 2.11.2
2024-01-02 22:19:46 | [INFO]    | Connecting to Discord...
2024-01-02 22:19:46 | [INFO]    | Authenticated as 殺気#7465
2024-01-02 22:19:46 | [INFO]    | Launching shard 0 (1 out of 1)...
2024-01-02 22:19:46 | [INFO]    | Shard 0 : Connected to wss://gateway.discord.gg
2024-01-02 22:19:46 | [INFO]    | Shard 0 : Received HELLO
2024-01-02 22:19:46 | [INFO]    | Shard 0 : Received READY
2024-01-02 22:21:02 | [INFO]    | Discordia 2.11.2
2024-01-02 22:21:02 | [INFO]    | Connecting to Discord...
2024-01-02 22:21:03 | [INFO]    | Authenticated as 殺気#7465
2024-01-02 22:21:03 | [INFO]    | Launching shard 0 (1 out of 1)...
2024-01-02 22:21:03 | [INFO]    | Shard 0 : Connected to wss://gateway.discord.gg
2024-01-02 22:21:03 | [INFO]    | Shard 0 : Received HELLO
2024-01-02 22:21:03 | [INFO]    | Shard 0 : Received READY
2024-01-02 22:28:34 | [INFO]    | Discordia 2.11.2
2024-01-02 22:28:34 | [INFO]    | Connecting to Discord...
2024-01-02 22:28:35 | [INFO]    | Authenticated as 殺気#7465
2024-01-02 22:28:35 | [INFO]    | Launching shard 0 (1 out of 1)...
2024-01-02 22:28:35 | [INFO]    | Shard 0 : Connected to wss://gateway.discord.gg
2024-01-02 22:28:35 | [INFO]    | Shard 0 : Received HELLO
2024-01-02 22:28:35 | [INFO]    | Shard 0 : Received READY
2024-01-02 22:32:07 | [INFO]    | Discordia 2.11.2
2024-01-02 22:32:07 | [INFO]    | Connecting to Discord...
2024-01-02 22:32:07 | [INFO]    | Authenticated as 殺気#7465
2024-01-02 22:32:07 | [INFO]    | Launching shard 0 (1 out of 1)...
2024-01-02 22:32:07 | [INFO]    | Shard 0 : Connected to wss://gateway.discord.gg
2024-01-02 22:32:07 | [INFO]    | Shard 0 : Received HELLO
2024-01-02 22:32:07 | [INFO]    | Shard 0 : Received READY
2024-01-02 22:48:06 | [INFO]    | Discordia 2.11.2
2024-01-02 22:48:06 | [INFO]    | Connecting to Discord...
2024-01-02 22:48:06 | [INFO]    | Authenticated as 殺気#7465
2024-01-02 22:48:07 | [INFO]    | Launching shard 0 (1 out of 1)...
2024-01-02 22:48:07 | [INFO]    | Shard 0 : Connected to wss://gateway.discord.gg
2024-01-02 22:48:07 | [INFO]    | Shard 0 : Received HELLO
2024-01-02 22:48:07 | [INFO]    | Shard 0 : Received READY
2024-01-02 22:49:03 | [INFO]    | Discordia 2.11.2
2024-01-02 22:49:03 | [INFO]    | Connecting to Discord...
2024-01-02 22:49:03 | [INFO]    | Authenticated as 殺気#7465
2024-01-02 22:49:03 | [INFO]    | Launching shard 0 (1 out of 1)...
2024-01-02 22:49:03 | [INFO]    | Shard 0 : Connected to wss://gateway.discord.gg
2024-01-02 22:49:03 | [INFO]    | Shard 0 : Received HELLO
2024-01-02 22:49:04 | [INFO]    | Shard 0 : Received READY
2024-01-02 22:49:33 | [INFO]    | Discordia 2.11.2
2024-01-02 22:49:33 | [INFO]    | Connecting to Discord...
2024-01-02 22:49:34 | [INFO]    | Authenticated as 殺気#7465
2024-01-02 22:49:34 | [INFO]    | Launching shard 0 (1 out of 1)...
2024-01-02 22:49:34 | [INFO]    | Shard 0 : Connected to wss://gateway.discord.gg
2024-01-02 22:49:34 | [INFO]    | Shard 0 : Received HELLO
2024-01-02 22:49:34 | [INFO]    | Shard 0 : Received READY
2024-01-02 22:49:57 | [INFO]    | Discordia 2.11.2
2024-01-02 22:49:57 | [INFO]    | Connecting to Discord...
2024-01-02 22:49:57 | [INFO]    | Authenticated as 殺気#7465
2024-01-02 22:49:57 | [INFO]    | Launching shard 0 (1 out of 1)...
2024-01-02 22:49:57 | [INFO]    | Shard 0 : Connected to wss://gateway.discord.gg
2024-01-02 22:49:57 | [INFO]    | Shard 0 : Received HELLO
2024-01-02 22:49:57 | [INFO]    | Shard 0 : Received READY
2024-01-02 22:50:11 | [INFO]    | Discordia 2.11.2
2024-01-02 22:50:11 | [INFO]    | Connecting to Discord...
2024-01-02 22:50:12 | [INFO]    | Authenticated as 殺気#7465
2024-01-02 22:50:12 | [INFO]    | Launching shard 0 (1 out of 1)...
2024-01-02 22:50:12 | [INFO]    | Shard 0 : Connected to wss://gateway.discord.gg
2024-01-02 22:50:12 | [INFO]    | Shard 0 : Received HELLO
2024-01-02 22:50:12 | [INFO]    | Shard 0 : Received READY
2024-01-02 22:51:27 | [INFO]    | Discordia 2.11.2
2024-01-02 22:51:27 | [INFO]    | Connecting to Discord...
2024-01-02 22:51:27 | [INFO]    | Authenticated as 殺気#7465
2024-01-02 22:51:27 | [INFO]    | Launching shard 0 (1 out of 1)...
2024-01-02 22:51:27 | [INFO]    | Shard 0 : Connected to wss://gateway.discord.gg
2024-01-02 22:51:27 | [INFO]    | Shard 0 : Received HELLO
2024-01-02 22:51:27 | [INFO]    | Shard 0 : Received READY
2024-01-02 22:51:42 | [INFO]    | Discordia 2.11.2
2024-01-02 22:51:42 | [INFO]    | Connecting to Discord...
2024-01-02 22:51:42 | [INFO]    | Authenticated as 殺気#7465
2024-01-02 22:51:42 | [INFO]    | Launching shard 0 (1 out of 1)...
2024-01-02 22:51:42 | [INFO]    | Shard 0 : Connected to wss://gateway.discord.gg
2024-01-02 22:51:42 | [INFO]    | Shard 0 : Received HELLO
2024-01-02 22:51:42 | [INFO]    | Shard 0 : Received READY
2024-01-02 22:53:54 | [INFO]    | Discordia 2.11.2
2024-01-02 22:53:54 | [INFO]    | Connecting to Discord...
2024-01-02 22:53:54 | [INFO]    | Authenticated as 殺気#7465
2024-01-02 22:53:54 | [INFO]    | Launching shard 0 (1 out of 1)...
2024-01-02 22:53:54 | [INFO]    | Shard 0 : Connected to wss://gateway.discord.gg
2024-01-02 22:53:54 | [INFO]    | Shard 0 : Received HELLO
2024-01-02 22:53:54 | [INFO]    | Shard 0 : Received READY
2024-01-02 22:54:38 | [INFO]    | Discordia 2.11.2
2024-01-02 22:54:38 | [INFO]    | Connecting to Discord...
2024-01-02 22:54:38 | [INFO]    | Authenticated as 殺気#7465
2024-01-02 22:54:38 | [INFO]    | Launching shard 0 (1 out of 1)...
2024-01-02 22:54:38 | [INFO]    | Shard 0 : Connected to wss://gateway.discord.gg
2024-01-02 22:54:38 | [INFO]    | Shard 0 : Received HELLO
2024-01-02 22:54:38 | [INFO]    | Shard 0 : Received READY
2024-01-02 22:56:11 | [INFO]    | Discordia 2.11.2
2024-01-02 22:56:11 | [INFO]    | Connecting to Discord...
2024-01-02 22:56:11 | [INFO]    | Authenticated as 殺気#7465
2024-01-02 22:56:11 | [INFO]    | Launching shard 0 (1 out of 1)...
2024-01-02 22:56:11 | [INFO]    | Shard 0 : Connected to wss://gateway.discord.gg
2024-01-02 22:56:11 | [INFO]    | Shard 0 : Received HELLO
2024-01-02 22:56:11 | [INFO]    | Shard 0 : Received READY
2024-01-02 22:56:38 | [INFO]    | Discordia 2.11.2
2024-01-02 22:56:38 | [INFO]    | Connecting to Discord...
2024-01-02 22:56:38 | [INFO]    | Authenticated as 殺気#7465
2024-01-02 22:56:38 | [INFO]    | Launching shard 0 (1 out of 1)...
2024-01-02 22:56:38 | [INFO]    | Shard 0 : Connected to wss://gateway.discord.gg
2024-01-02 22:56:38 | [INFO]    | Shard 0 : Received HELLO
2024-01-02 22:56:39 | [INFO]    | Shard 0 : Received READY
2024-01-02 22:57:57 | [INFO]    | Discordia 2.11.2
2024-01-02 22:57:57 | [INFO]    | Connecting to Discord...
2024-01-02 22:57:57 | [INFO]    | Authenticated as 殺気#7465
2024-01-02 22:57:57 | [INFO]    | Launching shard 0 (1 out of 1)...
2024-01-02 22:57:57 | [INFO]    | Shard 0 : Connected to wss://gateway.discord.gg
2024-01-02 22:57:57 | [INFO]    | Shard 0 : Received HELLO
2024-01-02 22:57:57 | [INFO]    | Shard 0 : Received READY
2024-01-02 23:04:15 | [INFO]    | Discordia 2.11.2
2024-01-02 23:04:15 | [INFO]    | Connecting to Discord...
2024-01-02 23:04:15 | [INFO]    | Authenticated as 殺気#7465
2024-01-02 23:04:15 | [INFO]    | Launching shard 0 (1 out of 1)...
2024-01-02 23:04:15 | [INFO]    | Shard 0 : Connected to wss://gateway.discord.gg
2024-01-02 23:04:15 | [INFO]    | Shard 0 : Received HELLO
2024-01-02 23:04:16 | [INFO]    | Shard 0 : Received READY
2024-01-02 23:05:52 | [INFO]    | Discordia 2.11.2
2024-01-02 23:05:52 | [INFO]    | Connecting to Discord...
2024-01-02 23:05:52 | [INFO]    | Authenticated as 殺気#7465
2024-01-02 23:05:52 | [INFO]    | Launching shard 0 (1 out of 1)...
2024-01-02 23:05:52 | [INFO]    | Shard 0 : Connected to wss://gateway.discord.gg
2024-01-02 23:05:52 | [INFO]    | Shard 0 : Received HELLO
2024-01-02 23:05:53 | [INFO]    | Shard 0 : Received READY
2024-01-02 23:07:27 | [INFO]    | Discordia 2.11.2
2024-01-02 23:07:27 | [INFO]    | Connecting to Discord...
2024-01-02 23:07:27 | [INFO]    | Authenticated as 殺気#7465
2024-01-02 23:07:27 | [INFO]    | Launching shard 0 (1 out of 1)...
2024-01-02 23:07:27 | [INFO]    | Shard 0 : Connected to wss://gateway.discord.gg
2024-01-02 23:07:27 | [INFO]    | Shard 0 : Received HELLO
2024-01-02 23:07:27 | [INFO]    | Shard 0 : Received READY
2024-01-02 23:09:55 | [INFO]    | Discordia 2.11.2
2024-01-02 23:09:55 | [INFO]    | Connecting to Discord...
2024-01-02 23:09:55 | [INFO]    | Authenticated as 殺気#7465
2024-01-02 23:09:55 | [INFO]    | Launching shard 0 (1 out of 1)...
2024-01-02 23:09:55 | [INFO]    | Shard 0 : Connected to wss://gateway.discord.gg
2024-01-02 23:09:55 | [INFO]    | Shard 0 : Received HELLO
2024-01-02 23:09:55 | [INFO]    | Shard 0 : Received READY
2024-01-02 23:14:14 | [INFO]    | Discordia 2.11.2
2024-01-02 23:14:14 | [INFO]    | Connecting to Discord...
2024-01-02 23:14:15 | [INFO]    | Authenticated as 殺気#7465
2024-01-02 23:14:15 | [INFO]    | Launching shard 0 (1 out of 1)...
2024-01-02 23:14:15 | [INFO]    | Shard 0 : Connected to wss://gateway.discord.gg
2024-01-02 23:14:15 | [INFO]    | Shard 0 : Received HELLO
2024-01-02 23:14:15 | [INFO]    | Shard 0 : Received READY
2024-01-02 23:15:31 | [INFO]    | Discordia 2.11.2
2024-01-02 23:15:31 | [INFO]    | Connecting to Discord...
2024-01-02 23:15:31 | [INFO]    | Authenticated as 殺気#7465
2024-01-02 23:15:31 | [INFO]    | Launching shard 0 (1 out of 1)...
2024-01-02 23:15:31 | [INFO]    | Shard 0 : Connected to wss://gateway.discord.gg
2024-01-02 23:15:31 | [INFO]    | Shard 0 : Received HELLO
2024-01-02 23:15:31 | [INFO]    | Shard 0 : Received READY
2024-01-02 23:18:02 | [INFO]    | Discordia 2.11.2
2024-01-02 23:18:02 | [INFO]    | Connecting to Discord...
2024-01-02 23:18:02 | [INFO]    | Authenticated as 殺気#7465
2024-01-02 23:18:02 | [INFO]    | Launching shard 0 (1 out of 1)...
2024-01-02 23:18:02 | [INFO]    | Shard 0 : Connected to wss://gateway.discord.gg
2024-01-02 23:18:02 | [INFO]    | Shard 0 : Received HELLO
2024-01-02 23:18:03 | [INFO]    | Shard 0 : Received READY
2024-01-02 23:22:34 | [INFO]    | Discordia 2.11.2
2024-01-02 23:22:34 | [INFO]    | Connecting to Discord...
2024-01-02 23:22:35 | [INFO]    | Authenticated as 殺気#7465
2024-01-02 23:22:35 | [INFO]    | Launching shard 0 (1 out of 1)...
2024-01-02 23:22:35 | [INFO]    | Shard 0 : Connected to wss://gateway.discord.gg
2024-01-02 23:22:35 | [INFO]    | Shard 0 : Received HELLO
2024-01-02 23:22:35 | [INFO]    | Shard 0 : Received READY
2024-01-02 23:30:29 | [WARNING] | Shard 0 : Unhandled gateway event: CHANNEL_TOPIC_UPDATE
2024-01-02 23:30:29 | [WARNING] | Shard 0 : Unhandled gateway event: VOICE_CHANNEL_STATUS_UPDATE
2024-01-02 23:30:29 | [WARNING] | Shard 0 : Unhandled gateway event: CHANNEL_TOPIC_UPDATE
2024-01-02 23:30:29 | [WARNING] | Shard 0 : Unhandled gateway event: VOICE_CHANNEL_STATUS_UPDATE
2024-01-03 00:18:13 | [INFO]    | Discordia 2.11.2
2024-01-03 00:18:13 | [INFO]    | Connecting to Discord...
2024-01-03 00:18:13 | [INFO]    | Authenticated as 殺気#7465
2024-01-03 00:18:14 | [INFO]    | Launching shard 0 (1 out of 1)...
2024-01-03 00:18:14 | [INFO]    | Shard 0 : Connected to wss://gateway.discord.gg
2024-01-03 00:18:14 | [INFO]    | Shard 0 : Received HELLO
2024-01-03 00:18:14 | [INFO]    | Shard 0 : Received READY
2024-01-03 00:34:11 | [INFO]    | Discordia 2.11.2
2024-01-03 00:34:11 | [INFO]    | Connecting to Discord...
2024-01-03 00:34:11 | [INFO]    | Authenticated as 殺気#7465
2024-01-03 00:34:11 | [INFO]    | Launching shard 0 (1 out of 1)...
2024-01-03 00:34:11 | [INFO]    | Shard 0 : Connected to wss://gateway.discord.gg
2024-01-03 00:34:11 | [INFO]    | Shard 0 : Received HELLO
2024-01-03 00:34:11 | [INFO]    | Shard 0 : Received READY
2024-01-03 00:34:18 | [INFO]    | Discordia 2.11.2
2024-01-03 00:34:18 | [INFO]    | Connecting to Discord...
2024-01-03 00:34:18 | [INFO]    | Authenticated as 殺気#7465
2024-01-03 00:34:18 | [INFO]    | Launching shard 0 (1 out of 1)...
2024-01-03 00:34:19 | [INFO]    | Shard 0 : Connected to wss://gateway.discord.gg
2024-01-03 00:34:19 | [INFO]    | Shard 0 : Received HELLO
2024-01-03 00:34:19 | [INFO]    | Shard 0 : Received READY
2024-01-03 00:54:33 | [INFO]    | Discordia 2.11.2
2024-01-03 00:54:33 | [INFO]    | Connecting to Discord...
2024-01-03 00:54:34 | [INFO]    | Authenticated as 殺気#7465
2024-01-03 00:54:34 | [INFO]    | Launching shard 0 (1 out of 1)...
2024-01-03 00:54:34 | [INFO]    | Shard 0 : Connected to wss://gateway.discord.gg
2024-01-03 00:54:34 | [INFO]    | Shard 0 : Received HELLO
2024-01-03 00:54:34 | [INFO]    | Shard 0 : Received READY
2024-01-03 01:17:07 | [INFO]    | Discordia 2.11.2
2024-01-03 01:17:07 | [INFO]    | Connecting to Discord...
2024-01-03 01:17:08 | [INFO]    | Authenticated as 殺気#7465
2024-01-03 01:17:08 | [INFO]    | Launching shard 0 (1 out of 1)...
2024-01-03 01:17:08 | [INFO]    | Shard 0 : Connected to wss://gateway.discord.gg
2024-01-03 01:17:08 | [INFO]    | Shard 0 : Received HELLO
2024-01-03 01:17:08 | [INFO]    | Shard 0 : Received READY
2024-01-03 01:20:57 | [INFO]    | Discordia 2.11.2
2024-01-03 01:20:57 | [INFO]    | Connecting to Discord...
2024-01-03 01:20:57 | [INFO]    | Authenticated as 殺気#7465
2024-01-03 01:20:57 | [INFO]    | Launching shard 0 (1 out of 1)...
2024-01-03 01:20:57 | [INFO]    | Shard 0 : Connected to wss://gateway.discord.gg
2024-01-03 01:20:57 | [INFO]    | Shard 0 : Received HELLO
2024-01-03 01:20:57 | [INFO]    | Shard 0 : Received READY
2024-01-03 02:37:42 | [INFO]    | Discordia 2.11.2
2024-01-03 02:37:42 | [INFO]    | Connecting to Discord...
2024-01-03 02:37:42 | [INFO]    | Authenticated as 殺気#7465
2024-01-03 02:37:42 | [INFO]    | Launching shard 0 (1 out of 1)...
2024-01-03 02:37:43 | [INFO]    | Shard 0 : Connected to wss://gateway.discord.gg
2024-01-03 02:37:43 | [INFO]    | Shard 0 : Received HELLO
2024-01-03 02:37:43 | [INFO]    | Shard 0 : Received READY
2024-01-03 03:34:13 | [INFO]    | Shard 0 : Discord has requested a reconnection
2024-01-03 03:34:13 | [INFO]    | Shard 0 : Disconnected
2024-01-03 03:34:13 | [INFO]    | Shard 0 : Reconnecting...
2024-01-03 03:34:14 | [INFO]    | Shard 0 : Connected to wss://gateway.discord.gg
2024-01-03 03:34:14 | [INFO]    | Shard 0 : Received HELLO
2024-01-03 03:34:14 | [INFO]    | Shard 0 : Received RESUMED
2024-01-03 05:42:02 | [INFO]    | Shard 0 : Discord has requested a reconnection
2024-01-03 05:42:02 | [INFO]    | Shard 0 : Disconnected
2024-01-03 05:42:02 | [INFO]    | Shard 0 : Reconnecting...
2024-01-03 05:42:02 | [INFO]    | Shard 0 : Connected to wss://gateway.discord.gg
2024-01-03 05:42:02 | [INFO]    | Shard 0 : Received HELLO
2024-01-03 05:42:02 | [INFO]    | Shard 0 : Received RESUMED
2024-01-03 06:02:54 | [INFO]    | Shard 0 : Disconnected
2024-01-03 06:02:54 | [INFO]    | Shard 0 : Reconnecting after 909 ms...
2024-01-03 06:02:55 | [INFO]    | Shard 0 : Connected to wss://gateway.discord.gg
2024-01-03 06:02:55 | [INFO]    | Shard 0 : Received HELLO
2024-01-03 06:02:55 | [INFO]    | Shard 0 : Received RESUMED
2024-01-03 08:40:52 | [INFO]    | Shard 0 : Disconnected
2024-01-03 08:40:52 | [INFO]    | Shard 0 : Reconnecting after 915 ms...
2024-01-03 08:40:53 | [INFO]    | Shard 0 : Connected to wss://gateway.discord.gg
2024-01-03 08:40:53 | [INFO]    | Shard 0 : Received HELLO
2024-01-03 08:40:53 | [INFO]    | Shard 0 : Received RESUMED
2024-01-03 11:16:44 | [INFO]    | Shard 0 : Disconnected
2024-01-03 11:16:44 | [INFO]    | Shard 0 : Reconnecting after 909 ms...
2024-01-03 11:16:45 | [INFO]    | Shard 0 : Connected to wss://gateway.discord.gg
2024-01-03 11:16:45 | [INFO]    | Shard 0 : Received HELLO
2024-01-03 11:16:45 | [INFO]    | Shard 0 : Received RESUMED
2024-01-03 11:34:23 | [INFO]    | Shard 0 : Disconnected
2024-01-03 11:34:23 | [INFO]    | Shard 0 : Reconnecting after 926 ms...
2024-01-03 11:34:24 | [INFO]    | Shard 0 : Connected to wss://gateway.discord.gg
2024-01-03 11:34:24 | [INFO]    | Shard 0 : Received HELLO
2024-01-03 11:34:24 | [INFO]    | Shard 0 : Received RESUMED
2024-01-03 14:03:48 | [INFO]    | Shard 0 : Disconnected
2024-01-03 14:03:48 | [INFO]    | Shard 0 : Reconnecting after 1049 ms...
2024-01-03 14:03:49 | [INFO]    | Shard 0 : Connected to wss://gateway.discord.gg
2024-01-03 14:03:49 | [INFO]    | Shard 0 : Received HELLO
2024-01-03 14:03:49 | [INFO]    | Shard 0 : Received RESUMED
2024-01-03 16:45:00 | [INFO]    | Discordia 2.11.2
2024-01-03 16:45:00 | [INFO]    | Connecting to Discord...
2024-01-03 16:45:01 | [INFO]    | Authenticated as Peter Griffin#0708
2024-01-03 16:45:01 | [INFO]    | Launching shard 0 (1 out of 1)...
2024-01-03 16:45:01 | [INFO]    | Shard 0 : Connected to wss://gateway.discord.gg
2024-01-03 16:45:01 | [INFO]    | Shard 0 : Received HELLO
2024-01-03 16:45:01 | [INFO]    | Shard 0 : Received READY
2024-01-03 16:45:54 | [INFO]    | Discordia 2.11.2
2024-01-03 16:45:54 | [INFO]    | Connecting to Discord...
2024-01-03 16:45:54 | [INFO]    | Authenticated as Peter Griffin#0708
2024-01-03 16:45:54 | [INFO]    | Launching shard 0 (1 out of 1)...
2024-01-03 16:45:54 | [INFO]    | Shard 0 : Connected to wss://gateway.discord.gg
2024-01-03 16:45:54 | [INFO]    | Shard 0 : Received HELLO
2024-01-03 16:45:55 | [INFO]    | Shard 0 : Received READY
2024-01-03 16:47:43 | [INFO]    | Discordia 2.11.2
2024-01-03 16:47:43 | [INFO]    | Connecting to Discord...
2024-01-03 16:47:43 | [INFO]    | Authenticated as Peter Griffin#0708
2024-01-03 16:47:43 | [INFO]    | Launching shard 0 (1 out of 1)...
2024-01-03 16:47:43 | [INFO]    | Shard 0 : Connected to wss://gateway.discord.gg
2024-01-03 16:47:43 | [INFO]    | Shard 0 : Received HELLO
2024-01-03 16:47:43 | [INFO]    | Shard 0 : Received READY
2024-01-03 16:53:58 | [INFO]    | Discordia 2.11.2
2024-01-03 16:53:58 | [INFO]    | Connecting to Discord...
2024-01-03 16:53:58 | [INFO]    | Authenticated as Peter Griffin#0708
2024-01-03 16:53:58 | [INFO]    | Launching shard 0 (1 out of 1)...
2024-01-03 16:53:58 | [INFO]    | Shard 0 : Connected to wss://gateway.discord.gg
2024-01-03 16:53:58 | [INFO]    | Shard 0 : Received HELLO
2024-01-03 16:53:58 | [INFO]    | Shard 0 : Received READY
2024-01-03 16:56:44 | [INFO]    | Discordia 2.11.2
2024-01-03 16:56:44 | [INFO]    | Connecting to Discord...
2024-01-03 16:56:44 | [INFO]    | Authenticated as Peter Griffin#0708
2024-01-03 16:56:44 | [INFO]    | Launching shard 0 (1 out of 1)...
2024-01-03 16:56:44 | [INFO]    | Shard 0 : Connected to wss://gateway.discord.gg
2024-01-03 16:56:44 | [INFO]    | Shard 0 : Received HELLO
2024-01-03 16:56:44 | [INFO]    | Shard 0 : Received READY
2024-01-03 16:56:53 | [INFO]    | Discordia 2.11.2
2024-01-03 16:56:53 | [INFO]    | Connecting to Discord...
2024-01-03 16:56:53 | [INFO]    | Authenticated as Peter Griffin#0708
2024-01-03 16:56:53 | [INFO]    | Launching shard 0 (1 out of 1)...
2024-01-03 16:56:53 | [INFO]    | Shard 0 : Connected to wss://gateway.discord.gg
2024-01-03 16:56:53 | [INFO]    | Shard 0 : Received HELLO
2024-01-03 16:56:53 | [INFO]    | Shard 0 : Received READY
2024-01-03 17:45:51 | [INFO]    | Shard 0 : Discord has requested a reconnection
2024-01-03 17:45:51 | [INFO]    | Shard 0 : Disconnected
2024-01-03 17:45:51 | [INFO]    | Shard 0 : Reconnecting...
2024-01-03 17:45:52 | [INFO]    | Shard 0 : Connected to wss://gateway.discord.gg
2024-01-03 17:45:52 | [INFO]    | Shard 0 : Received HELLO
2024-01-03 17:45:52 | [INFO]    | Shard 0 : Received RESUMED
2024-01-03 20:44:23 | [INFO]    | Shard 0 : Discord has requested a reconnection
2024-01-03 20:44:23 | [INFO]    | Shard 0 : Disconnected
2024-01-03 20:44:23 | [INFO]    | Shard 0 : Reconnecting...
2024-01-03 20:44:23 | [INFO]    | Shard 0 : Connected to wss://gateway.discord.gg
2024-01-03 20:44:23 | [INFO]    | Shard 0 : Received HELLO
2024-01-03 20:44:23 | [INFO]    | Shard 0 : Received RESUMED
2024-01-03 22:44:29 | [INFO]    | Shard 0 : Discord has requested a reconnection
2024-01-03 22:44:30 | [INFO]    | Shard 0 : Disconnected
2024-01-03 22:44:30 | [INFO]    | Shard 0 : Reconnecting...
2024-01-03 22:44:30 | [INFO]    | Shard 0 : Connected to wss://gateway.discord.gg
2024-01-03 22:44:30 | [INFO]    | Shard 0 : Received HELLO
2024-01-03 22:44:30 | [INFO]    | Shard 0 : Received RESUMED
2024-01-04 00:26:50 | [INFO]    | Shard 0 : Disconnected
2024-01-04 00:26:50 | [INFO]    | Shard 0 : Reconnecting after 1001 ms...
2024-01-04 00:26:51 | [INFO]    | Shard 0 : Connected to wss://gateway.discord.gg
2024-01-04 00:26:51 | [INFO]    | Shard 0 : Received HELLO
2024-01-04 00:26:51 | [INFO]    | Shard 0 : Received RESUMED
2024-01-04 00:37:33 | [INFO]    | Discordia 2.11.2
2024-01-04 00:37:33 | [INFO]    | Connecting to Discord...
2024-01-04 00:37:34 | [INFO]    | Authenticated as Peter Griffin#0708
2024-01-04 00:37:34 | [INFO]    | Launching shard 0 (1 out of 1)...
2024-01-04 00:37:34 | [INFO]    | Shard 0 : Connected to wss://gateway.discord.gg
2024-01-04 00:37:34 | [INFO]    | Shard 0 : Received HELLO
2024-01-04 00:37:34 | [INFO]    | Shard 0 : Received READY
2024-01-04 00:55:15 | [INFO]    | Discordia 2.11.2
2024-01-04 00:55:15 | [INFO]    | Connecting to Discord...
2024-01-04 00:55:15 | [INFO]    | Authenticated as Peter Griffin#0708
2024-01-04 00:55:15 | [INFO]    | Launching shard 0 (1 out of 1)...
2024-01-04 00:55:15 | [INFO]    | Shard 0 : Connected to wss://gateway.discord.gg
2024-01-04 00:55:15 | [INFO]    | Shard 0 : Received HELLO
2024-01-04 00:55:16 | [INFO]    | Shard 0 : Received READY
2024-01-04 00:55:40 | [INFO]    | Discordia 2.11.2
2024-01-04 00:55:40 | [INFO]    | Connecting to Discord...
2024-01-04 00:55:40 | [INFO]    | Authenticated as Peter Griffin#0708
2024-01-04 00:55:40 | [INFO]    | Launching shard 0 (1 out of 1)...
2024-01-04 00:55:41 | [INFO]    | Shard 0 : Connected to wss://gateway.discord.gg
2024-01-04 00:55:41 | [INFO]    | Shard 0 : Received HELLO
2024-01-04 00:55:41 | [INFO]    | Shard 0 : Received READY
2024-01-04 03:59:04 | [INFO]    | Shard 0 : Discord has requested a reconnection
2024-01-04 03:59:04 | [INFO]    | Shard 0 : Disconnected
2024-01-04 03:59:04 | [INFO]    | Shard 0 : Reconnecting...
2024-01-04 03:59:04 | [INFO]    | Shard 0 : Connected to wss://gateway.discord.gg
2024-01-04 03:59:04 | [INFO]    | Shard 0 : Received HELLO
2024-01-04 03:59:04 | [INFO]    | Shard 0 : Received RESUMED
2024-01-04 06:29:08 | [INFO]    | Shard 0 : Discord has requested a reconnection
2024-01-04 06:29:08 | [INFO]    | Shard 0 : Disconnected
2024-01-04 06:29:08 | [INFO]    | Shard 0 : Reconnecting...
2024-01-04 06:29:09 | [INFO]    | Shard 0 : Connected to wss://gateway.discord.gg
2024-01-04 06:29:09 | [INFO]    | Shard 0 : Received HELLO
2024-01-04 06:29:09 | [INFO]    | Shard 0 : Received RESUMED
2024-01-04 09:19:35 | [INFO]    | Shard 0 : Discord has requested a reconnection
2024-01-04 09:19:35 | [INFO]    | Shard 0 : Disconnected
2024-01-04 09:19:35 | [INFO]    | Shard 0 : Reconnecting...
2024-01-04 09:19:35 | [INFO]    | Shard 0 : Connected to wss://gateway.discord.gg
2024-01-04 09:19:35 | [INFO]    | Shard 0 : Received HELLO
2024-01-04 09:19:35 | [INFO]    | Shard 0 : Received RESUMED
2024-01-04 11:09:48 | [INFO]    | Shard 0 : Disconnected
2024-01-04 11:09:48 | [INFO]    | Shard 0 : Reconnecting after 983 ms...
2024-01-04 11:09:49 | [INFO]    | Shard 0 : Connected to wss://gateway.discord.gg
2024-01-04 11:09:49 | [INFO]    | Shard 0 : Received HELLO
2024-01-04 11:09:49 | [INFO]    | Shard 0 : Received RESUMED
2024-01-04 12:08:07 | [INFO]    | Shard 0 : Discord has requested a reconnection
2024-01-04 12:08:07 | [INFO]    | Shard 0 : Disconnected
2024-01-04 12:08:07 | [INFO]    | Shard 0 : Reconnecting...
2024-01-04 12:08:07 | [INFO]    | Shard 0 : Connected to wss://gateway.discord.gg
2024-01-04 12:08:07 | [INFO]    | Shard 0 : Received HELLO
2024-01-04 12:08:07 | [INFO]    | Shard 0 : Received RESUMED
2024-01-04 13:07:08 | [INFO]    | Shard 0 : Disconnected
2024-01-04 13:07:08 | [INFO]    | Shard 0 : Reconnecting after 1003 ms...
2024-01-04 13:07:09 | [INFO]    | Shard 0 : Connected to wss://gateway.discord.gg
2024-01-04 13:07:09 | [INFO]    | Shard 0 : Received HELLO
2024-01-04 13:07:09 | [INFO]    | Shard 0 : Received RESUMED
2024-01-04 13:50:59 | [INFO]    | Shard 0 : Discord has requested a reconnection
2024-01-04 13:50:59 | [INFO]    | Shard 0 : Disconnected
2024-01-04 13:50:59 | [INFO]    | Shard 0 : Reconnecting...
2024-01-04 13:50:59 | [INFO]    | Shard 0 : Connected to wss://gateway.discord.gg
2024-01-04 13:50:59 | [INFO]    | Shard 0 : Received HELLO
2024-01-04 13:50:59 | [INFO]    | Shard 0 : Received RESUMED
2024-01-04 14:34:29 | [INFO]    | Shard 0 : Disconnected
2024-01-04 14:34:29 | [INFO]    | Shard 0 : Reconnecting after 973 ms...
2024-01-04 14:34:30 | [INFO]    | Shard 0 : Connected to wss://gateway.discord.gg
2024-01-04 14:34:30 | [INFO]    | Shard 0 : Received HELLO
2024-01-04 14:34:30 | [INFO]    | Shard 0 : Received RESUMED
2024-01-04 15:06:23 | [INFO]    | Shard 0 : Disconnected
2024-01-04 15:06:23 | [INFO]    | Shard 0 : Reconnecting after 996 ms...
2024-01-04 15:06:24 | [INFO]    | Shard 0 : Connected to wss://gateway.discord.gg
2024-01-04 15:06:24 | [INFO]    | Shard 0 : Received HELLO
2024-01-04 15:06:24 | [INFO]    | Shard 0 : Received RESUMED
2024-01-04 16:49:40 | [INFO]    | Shard 0 : Disconnected
2024-01-04 16:49:40 | [INFO]    | Shard 0 : Reconnecting after 994 ms...
2024-01-04 16:49:41 | [INFO]    | Shard 0 : Connected to wss://gateway.discord.gg
2024-01-04 16:49:41 | [INFO]    | Shard 0 : Received HELLO
2024-01-04 16:49:41 | [INFO]    | Shard 0 : Received RESUMED
2024-01-04 18:51:23 | [WARNING] | Shard 0 : Unhandled gateway event: CHANNEL_TOPIC_UPDATE
2024-01-04 18:51:23 | [WARNING] | Shard 0 : Unhandled gateway event: VOICE_CHANNEL_STATUS_UPDATE
2024-01-04 19:31:28 | [INFO]    | Shard 0 : Disconnected
2024-01-04 19:31:28 | [INFO]    | Shard 0 : Reconnecting after 1025 ms...
2024-01-04 19:31:29 | [INFO]    | Shard 0 : Connected to wss://gateway.discord.gg
2024-01-04 19:31:29 | [INFO]    | Shard 0 : Received HELLO
2024-01-04 19:31:29 | [INFO]    | Shard 0 : Received RESUMED
2024-01-04 20:17:27 | [INFO]    | Shard 0 : Disconnected
2024-01-04 20:17:27 | [INFO]    | Shard 0 : Reconnecting after 1095 ms...
2024-01-04 20:17:28 | [INFO]    | Shard 0 : Connected to wss://gateway.discord.gg
2024-01-04 20:17:28 | [INFO]    | Shard 0 : Received HELLO
2024-01-04 20:17:28 | [INFO]    | Shard 0 : Received RESUMED
2024-01-04 21:04:07 | [INFO]    | Shard 0 : Discord has requested a reconnection
2024-01-04 21:04:07 | [INFO]    | Shard 0 : Disconnected
2024-01-04 21:04:07 | [INFO]    | Shard 0 : Reconnecting...
2024-01-04 21:04:07 | [INFO]    | Shard 0 : Connected to wss://gateway.discord.gg
2024-01-04 21:04:07 | [INFO]    | Shard 0 : Received HELLO
2024-01-04 21:04:07 | [INFO]    | Shard 0 : Received RESUMED
2024-01-04 21:51:18 | [INFO]    | Shard 0 : Disconnected
2024-01-04 21:51:18 | [INFO]    | Shard 0 : Reconnecting after 1033 ms...
2024-01-04 21:51:19 | [INFO]    | Shard 0 : Connected to wss://gateway.discord.gg
2024-01-04 21:51:19 | [INFO]    | Shard 0 : Received HELLO
2024-01-04 21:51:19 | [INFO]    | Shard 0 : Received RESUMED
2024-01-05 01:35:38 | [INFO]    | Shard 0 : Discord has requested a reconnection
2024-01-05 01:35:38 | [INFO]    | Shard 0 : Disconnected
2024-01-05 01:35:38 | [INFO]    | Shard 0 : Reconnecting...
2024-01-05 01:35:38 | [INFO]    | Shard 0 : Connected to wss://gateway.discord.gg
2024-01-05 01:35:38 | [INFO]    | Shard 0 : Received HELLO
2024-01-05 01:35:38 | [INFO]    | Shard 0 : Received RESUMED
2024-01-05 03:43:39 | [INFO]    | Shard 0 : Discord has requested a reconnection
2024-01-05 03:43:39 | [INFO]    | Shard 0 : Disconnected
2024-01-05 03:43:39 | [INFO]    | Shard 0 : Reconnecting...
2024-01-05 03:43:39 | [INFO]    | Shard 0 : Connected to wss://gateway.discord.gg
2024-01-05 03:43:39 | [INFO]    | Shard 0 : Received HELLO
2024-01-05 03:43:39 | [INFO]    | Shard 0 : Received RESUMED
2024-01-05 07:16:33 | [INFO]    | Shard 0 : Disconnected
2024-01-05 07:16:33 | [INFO]    | Shard 0 : Reconnecting after 1099 ms...
2024-01-05 07:16:35 | [INFO]    | Shard 0 : Connected to wss://gateway.discord.gg
2024-01-05 07:16:35 | [INFO]    | Shard 0 : Received HELLO
2024-01-05 07:16:35 | [INFO]    | Shard 0 : Received RESUMED
2024-01-05 09:34:00 | [INFO]    | Shard 0 : Disconnected
2024-01-05 09:34:00 | [INFO]    | Shard 0 : Reconnecting after 919 ms...
2024-01-05 09:34:01 | [INFO]    | Shard 0 : Connected to wss://gateway.discord.gg
2024-01-05 09:34:01 | [INFO]    | Shard 0 : Received HELLO
2024-01-05 09:34:01 | [INFO]    | Shard 0 : Received RESUMED
2024-01-05 11:39:03 | [INFO]    | Shard 0 : Disconnected
2024-01-05 11:39:03 | [INFO]    | Shard 0 : Reconnecting after 1088 ms...
2024-01-05 11:39:04 | [INFO]    | Shard 0 : Connected to wss://gateway.discord.gg
2024-01-05 11:39:04 | [INFO]    | Shard 0 : Received HELLO
2024-01-05 11:39:04 | [INFO]    | Shard 0 : Received RESUMED
2024-01-05 12:33:23 | [WARNING] | Shard 0 : 1001 - Connection closed
2024-01-05 12:33:23 | [INFO]    | Shard 0 : Disconnected
2024-01-05 12:33:23 | [INFO]    | Shard 0 : Reconnecting after 988 ms...
2024-01-05 12:33:24 | [INFO]    | Shard 0 : Connected to wss://gateway.discord.gg
2024-01-05 12:33:24 | [INFO]    | Shard 0 : Received HELLO
2024-01-05 12:33:24 | [INFO]    | Shard 0 : Received RESUMED
2024-01-05 13:11:24 | [INFO]    | Shard 0 : Disconnected
2024-01-05 13:11:24 | [INFO]    | Shard 0 : Reconnecting after 945 ms...
2024-01-05 13:11:25 | [INFO]    | Shard 0 : Connected to wss://gateway.discord.gg
2024-01-05 13:11:25 | [INFO]    | Shard 0 : Received HELLO
2024-01-05 13:11:25 | [INFO]    | Shard 0 : Received RESUMED
2024-01-05 13:30:05 | [INFO]    | Shard 0 : Discord has requested a reconnection
2024-01-05 13:30:05 | [INFO]    | Shard 0 : Disconnected
2024-01-05 13:30:05 | [INFO]    | Shard 0 : Reconnecting...
2024-01-05 13:30:05 | [INFO]    | Shard 0 : Connected to wss://gateway.discord.gg
2024-01-05 13:30:05 | [INFO]    | Shard 0 : Received HELLO
2024-01-05 13:30:06 | [INFO]    | Shard 0 : Received RESUMED
2024-01-05 13:46:06 | [WARNING] | Shard 0 : Unhandled gateway event: CHANNEL_TOPIC_UPDATE
2024-01-05 13:46:06 | [WARNING] | Shard 0 : Unhandled gateway event: VOICE_CHANNEL_STATUS_UPDATE
2024-01-05 16:35:58 | [INFO]    | Shard 0 : Discord has requested a reconnection
2024-01-05 16:35:58 | [INFO]    | Shard 0 : Disconnected
2024-01-05 16:35:58 | [INFO]    | Shard 0 : Reconnecting...
2024-01-05 16:35:58 | [INFO]    | Shard 0 : Connected to wss://gateway.discord.gg
2024-01-05 16:35:58 | [INFO]    | Shard 0 : Received HELLO
2024-01-05 16:35:58 | [INFO]    | Shard 0 : Received RESUMED
2024-01-05 18:05:52 | [INFO]    | Shard 0 : Discord has requested a reconnection
2024-01-05 18:05:52 | [INFO]    | Shard 0 : Disconnected
2024-01-05 18:05:52 | [INFO]    | Shard 0 : Reconnecting...
2024-01-05 18:05:52 | [INFO]    | Shard 0 : Connected to wss://gateway.discord.gg
2024-01-05 18:05:52 | [INFO]    | Shard 0 : Received HELLO
2024-01-05 18:05:52 | [INFO]    | Shard 0 : Received RESUMED
2024-01-05 20:56:01 | [WARNING] | Shard 0 : 1000 - Connection closed
2024-01-05 20:56:01 | [INFO]    | Shard 0 : Disconnected
2024-01-05 20:56:01 | [INFO]    | Shard 0 : Reconnecting after 1019 ms...
2024-01-05 20:56:02 | [INFO]    | Shard 0 : Connected to wss://gateway.discord.gg
2024-01-05 20:56:02 | [INFO]    | Shard 0 : Received HELLO
2024-01-05 20:56:02 | [INFO]    | Shard 0 : Received RESUMED
2024-01-05 22:29:07 | [INFO]    | Shard 0 : Discord has requested a reconnection
2024-01-05 22:29:07 | [INFO]    | Shard 0 : Disconnected
2024-01-05 22:29:07 | [INFO]    | Shard 0 : Reconnecting...
2024-01-05 22:29:07 | [INFO]    | Shard 0 : Connected to wss://gateway.discord.gg
2024-01-05 22:29:07 | [INFO]    | Shard 0 : Received HELLO
2024-01-05 22:29:07 | [INFO]    | Shard 0 : Received RESUMED
2024-01-05 23:52:20 | [INFO]    | Shard 0 : Discord has requested a reconnection
2024-01-05 23:52:20 | [INFO]    | Shard 0 : Disconnected
2024-01-05 23:52:20 | [INFO]    | Shard 0 : Reconnecting...
2024-01-05 23:52:20 | [INFO]    | Shard 0 : Connected to wss://gateway.discord.gg
2024-01-05 23:52:20 | [INFO]    | Shard 0 : Received HELLO
2024-01-05 23:52:20 | [INFO]    | Shard 0 : Received RESUMED
2024-01-06 00:19:21 | [INFO]    | Shard 0 : Discord has requested a reconnection
2024-01-06 00:19:21 | [INFO]    | Shard 0 : Disconnected
2024-01-06 00:19:21 | [INFO]    | Shard 0 : Reconnecting...
2024-01-06 00:19:21 | [INFO]    | Shard 0 : Connected to wss://gateway.discord.gg
2024-01-06 00:19:21 | [INFO]    | Shard 0 : Received HELLO
2024-01-06 00:19:21 | [INFO]    | Shard 0 : Received RESUMED
2024-01-06 02:17:45 | [INFO]    | Shard 0 : Discord has requested a reconnection
2024-01-06 02:17:45 | [INFO]    | Shard 0 : Disconnected
2024-01-06 02:17:45 | [INFO]    | Shard 0 : Reconnecting...
2024-01-06 02:17:45 | [INFO]    | Shard 0 : Connected to wss://gateway.discord.gg
2024-01-06 02:17:45 | [INFO]    | Shard 0 : Received HELLO
2024-01-06 02:17:45 | [INFO]    | Shard 0 : Received RESUMED
2024-01-06 03:16:32 | [INFO]    | Shard 0 : Discord has requested a reconnection
2024-01-06 03:16:32 | [INFO]    | Shard 0 : Disconnected
2024-01-06 03:16:32 | [INFO]    | Shard 0 : Reconnecting...
2024-01-06 03:16:32 | [INFO]    | Shard 0 : Connected to wss://gateway.discord.gg
2024-01-06 03:16:32 | [INFO]    | Shard 0 : Received HELLO
2024-01-06 03:16:32 | [INFO]    | Shard 0 : Received RESUMED
2024-01-06 03:32:47 | [INFO]    | Shard 0 : Discord has requested a reconnection
2024-01-06 03:32:47 | [INFO]    | Shard 0 : Disconnected
2024-01-06 03:32:47 | [INFO]    | Shard 0 : Reconnecting...
2024-01-06 03:32:47 | [INFO]    | Shard 0 : Connected to wss://gateway.discord.gg
2024-01-06 03:32:47 | [INFO]    | Shard 0 : Received HELLO
2024-01-06 03:32:47 | [INFO]    | Shard 0 : Received RESUMED
2024-01-06 06:20:15 | [INFO]    | Shard 0 : Discord has requested a reconnection
2024-01-06 06:20:15 | [INFO]    | Shard 0 : Disconnected
2024-01-06 06:20:15 | [INFO]    | Shard 0 : Reconnecting...
2024-01-06 06:20:15 | [INFO]    | Shard 0 : Connected to wss://gateway.discord.gg
2024-01-06 06:20:15 | [INFO]    | Shard 0 : Received HELLO
2024-01-06 06:20:15 | [INFO]    | Shard 0 : Received RESUMED
2024-01-06 08:03:05 | [INFO]    | Shard 0 : Discord has requested a reconnection
2024-01-06 08:03:05 | [INFO]    | Shard 0 : Disconnected
2024-01-06 08:03:05 | [INFO]    | Shard 0 : Reconnecting...
2024-01-06 08:03:05 | [INFO]    | Shard 0 : Connected to wss://gateway.discord.gg
2024-01-06 08:03:05 | [INFO]    | Shard 0 : Received HELLO
2024-01-06 08:03:05 | [INFO]    | Shard 0 : Received RESUMED
2024-01-06 11:22:30 | [INFO]    | Shard 0 : Discord has requested a reconnection
2024-01-06 11:22:30 | [INFO]    | Shard 0 : Disconnected
2024-01-06 11:22:30 | [INFO]    | Shard 0 : Reconnecting...
2024-01-06 11:22:30 | [INFO]    | Shard 0 : Connected to wss://gateway.discord.gg
2024-01-06 11:22:30 | [INFO]    | Shard 0 : Received HELLO
2024-01-06 11:22:30 | [INFO]    | Shard 0 : Received RESUMED
2024-01-06 15:09:22 | [INFO]    | Shard 0 : Discord has requested a reconnection
2024-01-06 15:09:22 | [INFO]    | Shard 0 : Disconnected
2024-01-06 15:09:22 | [INFO]    | Shard 0 : Reconnecting...
2024-01-06 15:09:23 | [INFO]    | Shard 0 : Connected to wss://gateway.discord.gg
2024-01-06 15:09:23 | [INFO]    | Shard 0 : Received HELLO
2024-01-06 15:09:23 | [INFO]    | Shard 0 : Received RESUMED
2024-01-06 15:48:43 | [INFO]    | Shard 0 : Discord has requested a reconnection
2024-01-06 15:48:43 | [INFO]    | Shard 0 : Disconnected
2024-01-06 15:48:43 | [INFO]    | Shard 0 : Reconnecting...
2024-01-06 15:48:43 | [INFO]    | Shard 0 : Connected to wss://gateway.discord.gg
2024-01-06 15:48:43 | [INFO]    | Shard 0 : Received HELLO
2024-01-06 15:48:43 | [INFO]    | Shard 0 : Received RESUMED
2024-01-06 17:49:23 | [INFO]    | Shard 0 : Discord has requested a reconnection
2024-01-06 17:49:23 | [INFO]    | Shard 0 : Disconnected
2024-01-06 17:49:23 | [INFO]    | Shard 0 : Reconnecting...
2024-01-06 17:49:23 | [INFO]    | Shard 0 : Connected to wss://gateway.discord.gg
2024-01-06 17:49:23 | [INFO]    | Shard 0 : Received HELLO
2024-01-06 17:49:23 | [INFO]    | Shard 0 : Received RESUMED
2024-01-06 19:07:59 | [INFO]    | Shard 0 : Discord has requested a reconnection
2024-01-06 19:07:59 | [INFO]    | Shard 0 : Disconnected
2024-01-06 19:07:59 | [INFO]    | Shard 0 : Reconnecting...
2024-01-06 19:07:59 | [INFO]    | Shard 0 : Connected to wss://gateway.discord.gg
2024-01-06 19:07:59 | [INFO]    | Shard 0 : Received HELLO
2024-01-06 19:07:59 | [INFO]    | Shard 0 : Received RESUMED
2024-01-06 22:04:11 | [INFO]    | Shard 0 : Discord has requested a reconnection
2024-01-06 22:04:11 | [INFO]    | Shard 0 : Disconnected
2024-01-06 22:04:11 | [INFO]    | Shard 0 : Reconnecting...
2024-01-06 22:04:12 | [INFO]    | Shard 0 : Connected to wss://gateway.discord.gg
2024-01-06 22:04:12 | [INFO]    | Shard 0 : Received HELLO
2024-01-06 22:04:12 | [INFO]    | Shard 0 : Received RESUMED
2024-01-08 02:48:21 | [INFO]    | Discordia 2.11.2
2024-01-08 02:48:21 | [INFO]    | Connecting to Discord...
2024-01-08 02:48:21 | [INFO]    | Authenticated as Peter Griffin#0708
2024-01-08 02:48:22 | [INFO]    | Launching shard 0 (1 out of 1)...
2024-01-08 02:48:22 | [INFO]    | Shard 0 : Connected to wss://gateway.discord.gg
2024-01-08 02:48:22 | [INFO]    | Shard 0 : Received HELLO
2024-01-08 02:48:22 | [INFO]    | Shard 0 : Received READY
2024-01-08 05:21:16 | [INFO]    | Shard 0 : Discord has requested a reconnection
2024-01-08 05:21:16 | [INFO]    | Shard 0 : Disconnected
2024-01-08 05:21:16 | [INFO]    | Shard 0 : Reconnecting...
2024-01-08 05:21:16 | [INFO]    | Shard 0 : Connected to wss://gateway.discord.gg
2024-01-08 05:21:16 | [INFO]    | Shard 0 : Received HELLO
2024-01-08 05:21:16 | [INFO]    | Shard 0 : Received RESUMED
2024-01-08 07:12:37 | [INFO]    | Shard 0 : Discord has requested a reconnection
2024-01-08 07:12:37 | [INFO]    | Shard 0 : Disconnected
2024-01-08 07:12:37 | [INFO]    | Shard 0 : Reconnecting...
2024-01-08 07:12:38 | [INFO]    | Shard 0 : Connected to wss://gateway.discord.gg
2024-01-08 07:12:38 | [INFO]    | Shard 0 : Received HELLO
2024-01-08 07:12:38 | [INFO]    | Shard 0 : Received RESUMED
2024-01-08 09:07:35 | [INFO]    | Shard 0 : Discord has requested a reconnection
2024-01-08 09:07:35 | [INFO]    | Shard 0 : Disconnected
2024-01-08 09:07:35 | [INFO]    | Shard 0 : Reconnecting...
2024-01-08 09:07:35 | [INFO]    | Shard 0 : Connected to wss://gateway.discord.gg
2024-01-08 09:07:35 | [INFO]    | Shard 0 : Received HELLO
2024-01-08 09:07:35 | [INFO]    | Shard 0 : Received RESUMED
2024-01-08 09:36:09 | [INFO]    | Shard 0 : Discord has requested a reconnection
2024-01-08 09:36:09 | [INFO]    | Shard 0 : Disconnected
2024-01-08 09:36:09 | [INFO]    | Shard 0 : Reconnecting...
2024-01-08 09:36:09 | [INFO]    | Shard 0 : Connected to wss://gateway.discord.gg
2024-01-08 09:36:09 | [INFO]    | Shard 0 : Received HELLO
2024-01-08 09:36:09 | [INFO]    | Shard 0 : Received RESUMED
2024-01-08 09:58:54 | [INFO]    | Shard 0 : Discord has requested a reconnection
2024-01-08 09:58:54 | [INFO]    | Shard 0 : Disconnected
2024-01-08 09:58:54 | [INFO]    | Shard 0 : Reconnecting...
2024-01-08 09:58:54 | [INFO]    | Shard 0 : Connected to wss://gateway.discord.gg
2024-01-08 09:58:54 | [INFO]    | Shard 0 : Received HELLO
2024-01-08 09:58:54 | [INFO]    | Shard 0 : Received RESUMED
2024-01-08 10:59:30 | [INFO]    | Shard 0 : Discord has requested a reconnection
2024-01-08 10:59:30 | [INFO]    | Shard 0 : Disconnected
2024-01-08 10:59:30 | [INFO]    | Shard 0 : Reconnecting...
2024-01-08 10:59:30 | [INFO]    | Shard 0 : Connected to wss://gateway.discord.gg
2024-01-08 10:59:30 | [INFO]    | Shard 0 : Received HELLO
2024-01-08 10:59:30 | [INFO]    | Shard 0 : Received RESUMED
2024-01-08 13:03:16 | [INFO]    | Shard 0 : Disconnected
2024-01-08 13:03:16 | [INFO]    | Shard 0 : Reconnecting after 919 ms...
2024-01-08 13:03:17 | [INFO]    | Shard 0 : Connected to wss://gateway.discord.gg
2024-01-08 13:03:17 | [INFO]    | Shard 0 : Received HELLO
2024-01-08 13:03:17 | [INFO]    | Shard 0 : Received RESUMED
2024-01-08 14:18:39 | [INFO]    | Shard 0 : Disconnected
2024-01-08 14:18:39 | [INFO]    | Shard 0 : Reconnecting after 936 ms...
2024-01-08 14:18:40 | [INFO]    | Shard 0 : Connected to wss://gateway.discord.gg
2024-01-08 14:18:40 | [INFO]    | Shard 0 : Received HELLO
2024-01-08 14:18:40 | [INFO]    | Shard 0 : Received RESUMED
2024-01-08 15:50:50 | [INFO]    | Shard 0 : Discord has requested a reconnection
2024-01-08 15:50:51 | [INFO]    | Shard 0 : Disconnected
2024-01-08 15:50:51 | [INFO]    | Shard 0 : Reconnecting...
2024-01-08 15:50:51 | [INFO]    | Shard 0 : Connected to wss://gateway.discord.gg
2024-01-08 15:50:51 | [INFO]    | Shard 0 : Received HELLO
2024-01-08 15:50:51 | [INFO]    | Shard 0 : Received RESUMED
2024-01-08 16:12:15 | [INFO]    | Shard 0 : Discord has requested a reconnection
2024-01-08 16:12:15 | [INFO]    | Shard 0 : Disconnected
2024-01-08 16:12:15 | [INFO]    | Shard 0 : Reconnecting...
2024-01-08 16:12:15 | [INFO]    | Shard 0 : Connected to wss://gateway.discord.gg
2024-01-08 16:12:15 | [INFO]    | Shard 0 : Received HELLO
2024-01-08 16:12:15 | [INFO]    | Shard 0 : Received RESUMED
2024-01-08 17:57:45 | [INFO]    | Shard 0 : Discord has requested a reconnection
2024-01-08 17:57:45 | [INFO]    | Shard 0 : Disconnected
2024-01-08 17:57:45 | [INFO]    | Shard 0 : Reconnecting...
2024-01-08 17:57:46 | [INFO]    | Shard 0 : Connected to wss://gateway.discord.gg
2024-01-08 17:57:46 | [INFO]    | Shard 0 : Received HELLO
2024-01-08 17:57:46 | [INFO]    | Shard 0 : Received RESUMED
2024-01-08 20:08:48 | [INFO]    | Shard 0 : Disconnected
2024-01-08 20:08:48 | [INFO]    | Shard 0 : Reconnecting after 974 ms...
2024-01-08 20:08:49 | [INFO]    | Shard 0 : Connected to wss://gateway.discord.gg
2024-01-08 20:08:49 | [INFO]    | Shard 0 : Received HELLO
2024-01-08 20:08:49 | [INFO]    | Shard 0 : Received RESUMED
2024-01-08 20:18:09 | [INFO]    | Shard 0 : Disconnected
2024-01-08 20:18:09 | [INFO]    | Shard 0 : Reconnecting after 983 ms...
2024-01-08 20:18:10 | [INFO]    | Shard 0 : Connected to wss://gateway.discord.gg
2024-01-08 20:18:10 | [INFO]    | Shard 0 : Received HELLO
2024-01-08 20:18:10 | [INFO]    | Shard 0 : Received RESUMED
2024-01-08 22:28:44 | [INFO]    | Shard 0 : Discord has requested a reconnection
2024-01-08 22:28:44 | [INFO]    | Shard 0 : Disconnected
2024-01-08 22:28:44 | [INFO]    | Shard 0 : Reconnecting...
2024-01-08 22:28:45 | [INFO]    | Shard 0 : Connected to wss://gateway.discord.gg
2024-01-08 22:28:45 | [INFO]    | Shard 0 : Received HELLO
2024-01-08 22:28:45 | [INFO]    | Shard 0 : Received RESUMED
2024-01-08 23:35:52 | [INFO]    | Shard 0 : Discord has requested a reconnection
2024-01-08 23:35:52 | [INFO]    | Shard 0 : Disconnected
2024-01-08 23:35:52 | [INFO]    | Shard 0 : Reconnecting...
2024-01-08 23:35:52 | [INFO]    | Shard 0 : Connected to wss://gateway.discord.gg
2024-01-08 23:35:52 | [INFO]    | Shard 0 : Received HELLO
2024-01-08 23:35:52 | [INFO]    | Shard 0 : Received RESUMED
2024-01-09 00:24:55 | [INFO]    | Shard 0 : Discord has requested a reconnection
2024-01-09 00:24:55 | [INFO]    | Shard 0 : Disconnected
2024-01-09 00:24:55 | [INFO]    | Shard 0 : Reconnecting...
2024-01-09 00:24:55 | [INFO]    | Shard 0 : Connected to wss://gateway.discord.gg
2024-01-09 00:24:55 | [INFO]    | Shard 0 : Received HELLO
2024-01-09 00:24:55 | [INFO]    | Shard 0 : Received RESUMED
2024-01-09 00:41:50 | [INFO]    | Shard 0 : Discord has requested a reconnection
2024-01-09 00:41:50 | [INFO]    | Shard 0 : Disconnected
2024-01-09 00:41:50 | [INFO]    | Shard 0 : Reconnecting...
2024-01-09 00:41:50 | [INFO]    | Shard 0 : Connected to wss://gateway.discord.gg
2024-01-09 00:41:50 | [INFO]    | Shard 0 : Received HELLO
2024-01-09 00:41:50 | [INFO]    | Shard 0 : Received RESUMED
2024-01-09 02:56:50 | [INFO]    | Shard 0 : Discord has requested a reconnection
2024-01-09 02:56:50 | [INFO]    | Shard 0 : Disconnected
2024-01-09 02:56:50 | [INFO]    | Shard 0 : Reconnecting...
2024-01-09 02:56:50 | [INFO]    | Shard 0 : Connected to wss://gateway.discord.gg
2024-01-09 02:56:50 | [INFO]    | Shard 0 : Received HELLO
2024-01-09 02:56:50 | [INFO]    | Shard 0 : Received RESUMED
2024-01-09 06:47:21 | [INFO]    | Shard 0 : Discord has requested a reconnection
2024-01-09 06:47:21 | [INFO]    | Shard 0 : Disconnected
2024-01-09 06:47:21 | [INFO]    | Shard 0 : Reconnecting...
2024-01-09 06:47:21 | [INFO]    | Shard 0 : Connected to wss://gateway.discord.gg
2024-01-09 06:47:21 | [INFO]    | Shard 0 : Received HELLO
2024-01-09 06:47:21 | [INFO]    | Shard 0 : Received RESUMED
2024-01-09 07:29:07 | [INFO]    | Shard 0 : Disconnected
2024-01-09 07:29:07 | [INFO]    | Shard 0 : Reconnecting after 923 ms...
2024-01-09 07:29:08 | [INFO]    | Shard 0 : Connected to wss://gateway.discord.gg
2024-01-09 07:29:08 | [INFO]    | Shard 0 : Received HELLO
2024-01-09 07:29:08 | [INFO]    | Shard 0 : Received RESUMED
2024-01-09 08:03:26 | [INFO]    | Shard 0 : Disconnected
2024-01-09 08:03:26 | [INFO]    | Shard 0 : Reconnecting after 1047 ms...
2024-01-09 08:03:27 | [INFO]    | Shard 0 : Connected to wss://gateway.discord.gg
2024-01-09 08:03:27 | [INFO]    | Shard 0 : Received HELLO
2024-01-09 08:03:27 | [INFO]    | Shard 0 : Received RESUMED
2024-01-09 08:29:05 | [INFO]    | Shard 0 : Disconnected
2024-01-09 08:29:05 | [INFO]    | Shard 0 : Reconnecting after 1070 ms...
2024-01-09 08:29:06 | [INFO]    | Shard 0 : Connected to wss://gateway.discord.gg
2024-01-09 08:29:06 | [INFO]    | Shard 0 : Received HELLO
2024-01-09 08:29:07 | [INFO]    | Shard 0 : Received RESUMED
2024-01-09 09:18:02 | [INFO]    | Shard 0 : Discord has requested a reconnection
2024-01-09 09:18:02 | [INFO]    | Shard 0 : Disconnected
2024-01-09 09:18:02 | [INFO]    | Shard 0 : Reconnecting...
2024-01-09 09:18:02 | [INFO]    | Shard 0 : Connected to wss://gateway.discord.gg
2024-01-09 09:18:02 | [INFO]    | Shard 0 : Received HELLO
2024-01-09 09:18:02 | [INFO]    | Shard 0 : Received RESUMED
2024-01-09 10:40:51 | [INFO]    | Shard 0 : Disconnected
2024-01-09 10:40:51 | [INFO]    | Shard 0 : Reconnecting after 1091 ms...
2024-01-09 10:40:53 | [INFO]    | Shard 0 : Connected to wss://gateway.discord.gg
2024-01-09 10:40:53 | [INFO]    | Shard 0 : Received HELLO
2024-01-09 10:40:53 | [INFO]    | Shard 0 : Received RESUMED
2024-01-09 13:24:06 | [INFO]    | Shard 0 : Discord has requested a reconnection
2024-01-09 13:24:06 | [INFO]    | Shard 0 : Disconnected
2024-01-09 13:24:06 | [INFO]    | Shard 0 : Reconnecting...
2024-01-09 13:24:06 | [INFO]    | Shard 0 : Connected to wss://gateway.discord.gg
2024-01-09 13:24:06 | [INFO]    | Shard 0 : Received HELLO
2024-01-09 13:24:06 | [INFO]    | Shard 0 : Received RESUMED
2024-01-09 14:42:23 | [INFO]    | Shard 0 : Discord has requested a reconnection
2024-01-09 14:42:23 | [INFO]    | Shard 0 : Disconnected
2024-01-09 14:42:23 | [INFO]    | Shard 0 : Reconnecting...
2024-01-09 14:42:23 | [INFO]    | Shard 0 : Connected to wss://gateway.discord.gg
2024-01-09 14:42:23 | [INFO]    | Shard 0 : Received HELLO
2024-01-09 14:42:23 | [INFO]    | Shard 0 : Received RESUMED
2024-01-09 17:53:32 | [INFO]    | Shard 0 : Discord has requested a reconnection
2024-01-09 17:53:33 | [INFO]    | Shard 0 : Disconnected
2024-01-09 17:53:33 | [INFO]    | Shard 0 : Reconnecting...
2024-01-09 17:53:33 | [INFO]    | Shard 0 : Connected to wss://gateway.discord.gg
2024-01-09 17:53:33 | [INFO]    | Shard 0 : Received HELLO
2024-01-09 17:53:33 | [INFO]    | Shard 0 : Received RESUMED
